<?xml version="1.0" encoding="UTF-8" standalone="no"?>
<testsuite errors="0" failures="9" name="io.cucumber.core.plugin.JUnitFormatter" skipped="0" tests="9" time="0.248">
    <testcase classname="Test the login functionality of OrangeHRM using DataTable" name="Test the valid login" time="0.023">
        <failure message="The scenario has pending or undefined step(s)" type="java.lang.Exception"><![CDATA[Given user is on loginPage..................................................undefined
When user enters credentails usig DataTable.................................skipped
And click on login button...................................................skipped
Then user should land on home page..........................................skipped
]]></failure>
    </testcase>
    <testcase classname="Test the login functionality of OrangeHRM" name="Test the valid login" time="0.003">
        <failure message="The scenario has pending or undefined step(s)" type="java.lang.Exception"><![CDATA[Given user is on loginPage..................................................undefined
When user enters "Admin" and "admin123".....................................skipped
And click on login button...................................................skipped
Then user should land on home page..........................................skipped
]]></failure>
    </testcase>
    <testcase classname="Test the login functionality of OrangeHRM" name="Test the valid login1" time="0">
        <failure message="The scenario has pending or undefined step(s)" type="java.lang.Exception"><![CDATA[Given user is on loginPage..................................................undefined
When user enters admin and admin123.........................................skipped
And click on login button...................................................skipped
Then user should land on home page..........................................skipped
]]></failure>
    </testcase>
    <testcase classname="Test the login functionality of OrangeHRM" name="Test the valid login1 2" time="0.002">
        <failure message="The scenario has pending or undefined step(s)" type="java.lang.Exception"><![CDATA[Given user is on loginPage..................................................undefined
When user enters Admin and admin123.........................................skipped
And click on login button...................................................skipped
Then user should land on home page..........................................skipped
]]></failure>
    </testcase>
    <testcase classname="using of tags in Cucumber" name="Secenario1" time="0.003">
        <failure message="The scenario has pending or undefined step(s)" type="java.lang.Exception"><![CDATA[Given This is Secenario1....................................................undefined
]]></failure>
    </testcase>
    <testcase classname="using of tags in Cucumber" name="Secenario2" time="0">
        <failure message="The scenario has pending or undefined step(s)" type="java.lang.Exception"><![CDATA[Given This is Secenario2....................................................undefined
]]></failure>
    </testcase>
    <testcase classname="using of tags in Cucumber" name="Secenario3" time="0">
        <failure message="The scenario has pending or undefined step(s)" type="java.lang.Exception"><![CDATA[Given This is Secenario3....................................................undefined
]]></failure>
    </testcase>
    <testcase classname="using of tags in Cucumber" name="Secenario4" time="0.001">
        <failure message="The scenario has pending or undefined step(s)" type="java.lang.Exception"><![CDATA[Given This is Secenario4....................................................undefined
]]></failure>
    </testcase>
    <testcase classname="using of tags in Cucumber" name="Secenario5" time="0">
        <failure message="The scenario has pending or undefined step(s)" type="java.lang.Exception"><![CDATA[Given This is Secenario5....................................................undefined
]]></failure>
    </testcase>
</testsuite>
